==26430== Memcheck, a memory error detector
==26430== Copyright (C) 2002-2013, and GNU GPL'd, by Julian Seward et al.
==26430== Using Valgrind-3.10.0 and LibVEX; rerun with -h for copyright info
==26430== Command: go4analysis -file ../aida_test_dat.lmd
==26430== Parent PID: 10699
==26430== 
==26430== Jump to the invalid address stated on the next line
==26430==    at 0x5A6: ???
==26430==    by 0x400541C: open_verify (dl-load.c:1930)
==26430==    by 0x4005B06: open_path (dl-load.c:2216)
==26430==    by 0x400873D: _dl_map_object (dl-load.c:2423)
==26430==    by 0x400C591: openaux (dl-deps.c:63)
==26430==    by 0x400EAA3: _dl_catch_error (dl-error.c:187)
==26430==    by 0x400C7E4: _dl_map_object_deps (dl-deps.c:254)
==26430==    by 0x4003579: dl_main (rtld.c:1858)
==26430==    by 0x40154A4: _dl_sysdep_start (dl-sysdep.c:249)
==26430==    by 0x4001975: _dl_start_final (rtld.c:424)
==26430==    by 0x4001975: _dl_start (rtld.c:650)
==26430==    by 0x4001137: ??? (in /lib/x86_64-linux-gnu/ld-2.19.so)
==26430==    by 0x2: ???
==26430==  Address 0x5a6 is not stack'd, malloc'd or (recently) free'd
==26430== 
==26430== 
==26430== Process terminating with default action of signal 11 (SIGSEGV)
==26430==  Bad permissions for mapped region at address 0x5A6
==26430==    at 0x5A6: ???
==26430==    by 0x400541C: open_verify (dl-load.c:1930)
==26430==    by 0x4005B06: open_path (dl-load.c:2216)
==26430==    by 0x400873D: _dl_map_object (dl-load.c:2423)
==26430==    by 0x400C591: openaux (dl-deps.c:63)
==26430==    by 0x400EAA3: _dl_catch_error (dl-error.c:187)
==26430==    by 0x400C7E4: _dl_map_object_deps (dl-deps.c:254)
==26430==    by 0x4003579: dl_main (rtld.c:1858)
==26430==    by 0x40154A4: _dl_sysdep_start (dl-sysdep.c:249)
==26430==    by 0x4001975: _dl_start_final (rtld.c:424)
==26430==    by 0x4001975: _dl_start (rtld.c:650)
==26430==    by 0x4001137: ??? (in /lib/x86_64-linux-gnu/ld-2.19.so)
==26430==    by 0x2: ???
==26430== 
==26430== HEAP SUMMARY:
==26430==     in use at exit: 0 bytes in 0 blocks
==26430==   total heap usage: 0 allocs, 0 frees, 0 bytes allocated
==26430== 
==26430== All heap blocks were freed -- no leaks are possible
==26430== 
==26430== For counts of detected and suppressed errors, rerun with: -v
==26430== ERROR SUMMARY: 1 errors from 1 contexts (suppressed: 0 from 0)
